<?xml version="1.0" encoding="UTF-8"?>
<testsuite xmlns:xsi="http://www.w3.org/2001/XMLSchema-instance" xsi:noNamespaceSchemaLocation="https://maven.apache.org/surefire/maven-surefire-plugin/xsd/surefire-test-report-3.0.xsd" version="3.0" name="TestSuite" time="81.819" tests="45" errors="0" skipped="0" failures="0">
  <properties>
    <property name="java.specification.version" value="13"/>
    <property name="webdriver.chrome.driver" value="/Users/mohammadjebril/.m2/repository/webdriver/chromedriver/mac64/85.0.4183.87/chromedriver"/>
    <property name="sun.jnu.encoding" value="UTF-8"/>
    <property name="java.class.path" value="/Users/mohammadjebril/play_ground/The_Internet_Challange/target/test-classes:/Users/mohammadjebril/play_ground/The_Internet_Challange/target/classes:/Users/mohammadjebril/.m2/repository/org/seleniumhq/selenium/selenium-java/3.141.59/selenium-java-3.141.59.jar:/Users/mohammadjebril/.m2/repository/org/seleniumhq/selenium/selenium-api/3.141.59/selenium-api-3.141.59.jar:/Users/mohammadjebril/.m2/repository/org/seleniumhq/selenium/selenium-chrome-driver/3.141.59/selenium-chrome-driver-3.141.59.jar:/Users/mohammadjebril/.m2/repository/org/seleniumhq/selenium/selenium-edge-driver/3.141.59/selenium-edge-driver-3.141.59.jar:/Users/mohammadjebril/.m2/repository/org/seleniumhq/selenium/selenium-firefox-driver/3.141.59/selenium-firefox-driver-3.141.59.jar:/Users/mohammadjebril/.m2/repository/org/seleniumhq/selenium/selenium-ie-driver/3.141.59/selenium-ie-driver-3.141.59.jar:/Users/mohammadjebril/.m2/repository/org/seleniumhq/selenium/selenium-opera-driver/3.141.59/selenium-opera-driver-3.141.59.jar:/Users/mohammadjebril/.m2/repository/org/seleniumhq/selenium/selenium-remote-driver/3.141.59/selenium-remote-driver-3.141.59.jar:/Users/mohammadjebril/.m2/repository/org/seleniumhq/selenium/selenium-safari-driver/3.141.59/selenium-safari-driver-3.141.59.jar:/Users/mohammadjebril/.m2/repository/org/seleniumhq/selenium/selenium-support/3.141.59/selenium-support-3.141.59.jar:/Users/mohammadjebril/.m2/repository/net/bytebuddy/byte-buddy/1.8.15/byte-buddy-1.8.15.jar:/Users/mohammadjebril/.m2/repository/org/apache/commons/commons-exec/1.3/commons-exec-1.3.jar:/Users/mohammadjebril/.m2/repository/com/google/guava/guava/25.0-jre/guava-25.0-jre.jar:/Users/mohammadjebril/.m2/repository/com/google/code/findbugs/jsr305/1.3.9/jsr305-1.3.9.jar:/Users/mohammadjebril/.m2/repository/org/checkerframework/checker-compat-qual/2.0.0/checker-compat-qual-2.0.0.jar:/Users/mohammadjebril/.m2/repository/com/google/errorprone/error_prone_annotations/2.1.3/error_prone_annotations-2.1.3.jar:/Users/mohammadjebril/.m2/repository/com/google/j2objc/j2objc-annotations/1.1/j2objc-annotations-1.1.jar:/Users/mohammadjebril/.m2/repository/org/codehaus/mojo/animal-sniffer-annotations/1.14/animal-sniffer-annotations-1.14.jar:/Users/mohammadjebril/.m2/repository/com/squareup/okhttp3/okhttp/3.11.0/okhttp-3.11.0.jar:/Users/mohammadjebril/.m2/repository/com/squareup/okio/okio/1.14.0/okio-1.14.0.jar:/Users/mohammadjebril/.m2/repository/org/testng/testng/6.14.3/testng-6.14.3.jar:/Users/mohammadjebril/.m2/repository/com/beust/jcommander/1.72/jcommander-1.72.jar:/Users/mohammadjebril/.m2/repository/org/apache-extras/beanshell/bsh/2.0b6/bsh-2.0b6.jar:/Users/mohammadjebril/.m2/repository/io/github/bonigarcia/webdrivermanager/4.1.0/webdrivermanager-4.1.0.jar:/Users/mohammadjebril/.m2/repository/org/slf4j/slf4j-api/1.7.30/slf4j-api-1.7.30.jar:/Users/mohammadjebril/.m2/repository/commons-io/commons-io/2.7/commons-io-2.7.jar:/Users/mohammadjebril/.m2/repository/com/google/code/gson/gson/2.8.6/gson-2.8.6.jar:/Users/mohammadjebril/.m2/repository/org/apache/commons/commons-lang3/3.10/commons-lang3-3.10.jar:/Users/mohammadjebril/.m2/repository/org/apache/httpcomponents/client5/httpclient5/5.0.1/httpclient5-5.0.1.jar:/Users/mohammadjebril/.m2/repository/org/apache/httpcomponents/core5/httpcore5/5.0.1/httpcore5-5.0.1.jar:/Users/mohammadjebril/.m2/repository/org/apache/httpcomponents/core5/httpcore5-h2/5.0.1/httpcore5-h2-5.0.1.jar:/Users/mohammadjebril/.m2/repository/commons-codec/commons-codec/1.13/commons-codec-1.13.jar:/Users/mohammadjebril/.m2/repository/org/rauschig/jarchivelib/1.0.0/jarchivelib-1.0.0.jar:/Users/mohammadjebril/.m2/repository/org/apache/commons/commons-compress/1.18/commons-compress-1.18.jar:/Users/mohammadjebril/.m2/repository/org/jsoup/jsoup/1.13.1/jsoup-1.13.1.jar:"/>
    <property name="java.vm.vendor" value="Oracle Corporation"/>
    <property name="sun.arch.data.model" value="64"/>
    <property name="java.vendor.url" value="https://openjdk.java.net/"/>
    <property name="user.timezone" value="America/New_York"/>
    <property name="os.name" value="Mac OS X"/>
    <property name="java.vm.specification.version" value="13"/>
    <property name="sun.java.launcher" value="SUN_STANDARD"/>
    <property name="user.country" value="US"/>
    <property name="sun.boot.library.path" value="/usr/local/Cellar/openjdk/13.0.2+8_2/libexec/openjdk.jdk/Contents/Home/lib"/>
    <property name="sun.java.command" value="/Users/mohammadjebril/play_ground/The_Internet_Challange/target/surefire/surefirebooter1550742852981356740.jar /Users/mohammadjebril/play_ground/The_Internet_Challange/target/surefire 2020-09-14T15-14-01_130-jvmRun1 surefire10027897758732594772tmp surefire_08877231277163299288tmp"/>
    <property name="http.nonProxyHosts" value="local|*.local|169.254/16|*.169.254/16"/>
    <property name="jdk.debug" value="release"/>
    <property name="surefire.test.class.path" value="/Users/mohammadjebril/play_ground/The_Internet_Challange/target/test-classes:/Users/mohammadjebril/play_ground/The_Internet_Challange/target/classes:/Users/mohammadjebril/.m2/repository/org/seleniumhq/selenium/selenium-java/3.141.59/selenium-java-3.141.59.jar:/Users/mohammadjebril/.m2/repository/org/seleniumhq/selenium/selenium-api/3.141.59/selenium-api-3.141.59.jar:/Users/mohammadjebril/.m2/repository/org/seleniumhq/selenium/selenium-chrome-driver/3.141.59/selenium-chrome-driver-3.141.59.jar:/Users/mohammadjebril/.m2/repository/org/seleniumhq/selenium/selenium-edge-driver/3.141.59/selenium-edge-driver-3.141.59.jar:/Users/mohammadjebril/.m2/repository/org/seleniumhq/selenium/selenium-firefox-driver/3.141.59/selenium-firefox-driver-3.141.59.jar:/Users/mohammadjebril/.m2/repository/org/seleniumhq/selenium/selenium-ie-driver/3.141.59/selenium-ie-driver-3.141.59.jar:/Users/mohammadjebril/.m2/repository/org/seleniumhq/selenium/selenium-opera-driver/3.141.59/selenium-opera-driver-3.141.59.jar:/Users/mohammadjebril/.m2/repository/org/seleniumhq/selenium/selenium-remote-driver/3.141.59/selenium-remote-driver-3.141.59.jar:/Users/mohammadjebril/.m2/repository/org/seleniumhq/selenium/selenium-safari-driver/3.141.59/selenium-safari-driver-3.141.59.jar:/Users/mohammadjebril/.m2/repository/org/seleniumhq/selenium/selenium-support/3.141.59/selenium-support-3.141.59.jar:/Users/mohammadjebril/.m2/repository/net/bytebuddy/byte-buddy/1.8.15/byte-buddy-1.8.15.jar:/Users/mohammadjebril/.m2/repository/org/apache/commons/commons-exec/1.3/commons-exec-1.3.jar:/Users/mohammadjebril/.m2/repository/com/google/guava/guava/25.0-jre/guava-25.0-jre.jar:/Users/mohammadjebril/.m2/repository/com/google/code/findbugs/jsr305/1.3.9/jsr305-1.3.9.jar:/Users/mohammadjebril/.m2/repository/org/checkerframework/checker-compat-qual/2.0.0/checker-compat-qual-2.0.0.jar:/Users/mohammadjebril/.m2/repository/com/google/errorprone/error_prone_annotations/2.1.3/error_prone_annotations-2.1.3.jar:/Users/mohammadjebril/.m2/repository/com/google/j2objc/j2objc-annotations/1.1/j2objc-annotations-1.1.jar:/Users/mohammadjebril/.m2/repository/org/codehaus/mojo/animal-sniffer-annotations/1.14/animal-sniffer-annotations-1.14.jar:/Users/mohammadjebril/.m2/repository/com/squareup/okhttp3/okhttp/3.11.0/okhttp-3.11.0.jar:/Users/mohammadjebril/.m2/repository/com/squareup/okio/okio/1.14.0/okio-1.14.0.jar:/Users/mohammadjebril/.m2/repository/org/testng/testng/6.14.3/testng-6.14.3.jar:/Users/mohammadjebril/.m2/repository/com/beust/jcommander/1.72/jcommander-1.72.jar:/Users/mohammadjebril/.m2/repository/org/apache-extras/beanshell/bsh/2.0b6/bsh-2.0b6.jar:/Users/mohammadjebril/.m2/repository/io/github/bonigarcia/webdrivermanager/4.1.0/webdrivermanager-4.1.0.jar:/Users/mohammadjebril/.m2/repository/org/slf4j/slf4j-api/1.7.30/slf4j-api-1.7.30.jar:/Users/mohammadjebril/.m2/repository/commons-io/commons-io/2.7/commons-io-2.7.jar:/Users/mohammadjebril/.m2/repository/com/google/code/gson/gson/2.8.6/gson-2.8.6.jar:/Users/mohammadjebril/.m2/repository/org/apache/commons/commons-lang3/3.10/commons-lang3-3.10.jar:/Users/mohammadjebril/.m2/repository/org/apache/httpcomponents/client5/httpclient5/5.0.1/httpclient5-5.0.1.jar:/Users/mohammadjebril/.m2/repository/org/apache/httpcomponents/core5/httpcore5/5.0.1/httpcore5-5.0.1.jar:/Users/mohammadjebril/.m2/repository/org/apache/httpcomponents/core5/httpcore5-h2/5.0.1/httpcore5-h2-5.0.1.jar:/Users/mohammadjebril/.m2/repository/commons-codec/commons-codec/1.13/commons-codec-1.13.jar:/Users/mohammadjebril/.m2/repository/org/rauschig/jarchivelib/1.0.0/jarchivelib-1.0.0.jar:/Users/mohammadjebril/.m2/repository/org/apache/commons/commons-compress/1.18/commons-compress-1.18.jar:/Users/mohammadjebril/.m2/repository/org/jsoup/jsoup/1.13.1/jsoup-1.13.1.jar:"/>
    <property name="sun.cpu.endian" value="little"/>
    <property name="user.home" value="/Users/mohammadjebril"/>
    <property name="user.language" value="en"/>
    <property name="java.specification.vendor" value="Oracle Corporation"/>
    <property name="java.version.date" value="2020-01-14"/>
    <property name="java.home" value="/usr/local/Cellar/openjdk/13.0.2+8_2/libexec/openjdk.jdk/Contents/Home"/>
    <property name="file.separator" value="/"/>
    <property name="basedir" value="/Users/mohammadjebril/play_ground/The_Internet_Challange"/>
    <property name="java.vm.compressedOopsMode" value="Zero based"/>
    <property name="line.separator" value="&#10;"/>
    <property name="java.specification.name" value="Java Platform API Specification"/>
    <property name="java.vm.specification.vendor" value="Oracle Corporation"/>
    <property name="surefire.real.class.path" value="/Users/mohammadjebril/play_ground/The_Internet_Challange/target/surefire/surefirebooter1550742852981356740.jar"/>
    <property name="sun.management.compiler" value="HotSpot 64-Bit Tiered Compilers"/>
    <property name="ftp.nonProxyHosts" value="local|*.local|169.254/16|*.169.254/16"/>
    <property name="java.runtime.version" value="13.0.2+8"/>
    <property name="user.name" value="mohammadjebril"/>
    <property name="path.separator" value=":"/>
    <property name="os.version" value="10.15.6"/>
    <property name="java.runtime.name" value="OpenJDK Runtime Environment"/>
    <property name="file.encoding" value="UTF-8"/>
    <property name="java.vm.name" value="OpenJDK 64-Bit Server VM"/>
    <property name="localRepository" value="/Users/mohammadjebril/.m2/repository"/>
    <property name="java.vendor.url.bug" value="https://bugreport.java.com/bugreport/"/>
    <property name="java.io.tmpdir" value="/var/folders/yk/lxkgfq3x1pb1dphy108mbphm0000gn/T/"/>
    <property name="java.version" value="13.0.2"/>
    <property name="user.dir" value="/Users/mohammadjebril/play_ground/The_Internet_Challange"/>
    <property name="os.arch" value="x86_64"/>
    <property name="java.vm.specification.name" value="Java Virtual Machine Specification"/>
    <property name="java.library.path" value="/Users/mohammadjebril/Library/Java/Extensions:/Library/Java/Extensions:/Network/Library/Java/Extensions:/System/Library/Java/Extensions:/usr/lib/java:."/>
    <property name="java.vm.info" value="mixed mode, sharing"/>
    <property name="java.vendor" value="N/A"/>
    <property name="java.vm.version" value="13.0.2+8"/>
    <property name="sun.io.unicode.encoding" value="UnicodeBig"/>
    <property name="socksNonProxyHosts" value="local|*.local|169.254/16|*.169.254/16"/>
    <property name="java.class.version" value="57.0"/>
  </properties>
  <testcase name="validateDragAndDrop" classname="com.qa.Challange.DragAndDrop.DragAndDropTest" time="0.26"/>
  <testcase name="checkBox" classname="com.qa.Challange.CheckBoxes.CheckAndUnCheckBoxesTest" time="0.061"/>
  <testcase name="checkBox2" classname="com.qa.Challange.CheckBoxes.CheckAndUnCheckBoxesTest" time="0.024"/>
  <testcase name="verifyDynamicControlsEnable_Disable" classname="com.qa.Challange.DynamicControls.DynamicControlsTest" time="6.367"/>
  <testcase name="verifyDynamicControlsRemove_Add" classname="com.qa.Challange.DynamicControls.DynamicControlsTest" time="6.314"/>
  <testcase name="verifyNewWindow" classname="com.qa.Challang.NewWindow.NewWindowTest" time="0.128"/>
  <testcase name="verifyIFrame" classname="com.qa.Challange.IFrame.IFrameTest" time="0.204"/>
  <testcase name="verifyDynamicContent" classname="com.qa.Challange.DynamicContent.DynamicContentTest" time="0.021"/>
  <testcase name="verifyDynamicContent" classname="com.qa.Challange.DynamicContent.DynamicContentTest" time="0.025"/>
  <testcase name="verifyDynamicContent" classname="com.qa.Challange.DynamicContent.DynamicContentTest" time="0.021"/>
  <testcase name="verifyDynamicContent" classname="com.qa.Challange.DynamicContent.DynamicContentTest" time="0.019"/>
  <testcase name="verifyDynamicContent" classname="com.qa.Challange.DynamicContent.DynamicContentTest" time="0.022"/>
  <testcase name="verifyDynamicContent" classname="com.qa.Challange.DynamicContent.DynamicContentTest" time="0.02"/>
  <testcase name="verifyDynamicContent" classname="com.qa.Challange.DynamicContent.DynamicContentTest" time="0.022"/>
  <testcase name="verifyDynamicContent" classname="com.qa.Challange.DynamicContent.DynamicContentTest" time="0.019"/>
  <testcase name="verifyDynamicContent" classname="com.qa.Challange.DynamicContent.DynamicContentTest" time="0.02"/>
  <testcase name="verifyDynamicContent" classname="com.qa.Challange.DynamicContent.DynamicContentTest" time="0.019"/>
  <testcase name="verifyDynamicContent" classname="com.qa.Challange.DynamicContent.DynamicContentTest" time="0.019"/>
  <testcase name="verifyDynamicContent" classname="com.qa.Challange.DynamicContent.DynamicContentTest" time="0.02"/>
  <testcase name="verifyDynamicContent" classname="com.qa.Challange.DynamicContent.DynamicContentTest" time="0.02"/>
  <testcase name="verifyDynamicContent" classname="com.qa.Challange.DynamicContent.DynamicContentTest" time="0.019"/>
  <testcase name="verifyDynamicContent" classname="com.qa.Challange.DynamicContent.DynamicContentTest" time="0.018"/>
  <testcase name="verifyDynamicContent" classname="com.qa.Challange.DynamicContent.DynamicContentTest" time="0.02"/>
  <testcase name="verifyDynamicContent" classname="com.qa.Challange.DynamicContent.DynamicContentTest" time="0.025"/>
  <testcase name="verifyDynamicContent" classname="com.qa.Challange.DynamicContent.DynamicContentTest" time="0.02"/>
  <testcase name="verifyDynamicContent" classname="com.qa.Challange.DynamicContent.DynamicContentTest" time="0.018"/>
  <testcase name="verifyDynamicContent" classname="com.qa.Challange.DynamicContent.DynamicContentTest" time="0.019"/>
  <testcase name="selectContact" classname="com.qa.Challange.FloatingMenu.FloatingMenuTest" time="0.087"/>
  <testcase name="selectHome" classname="com.qa.Challange.FloatingMenu.FloatingMenuTest" time="0.099"/>
  <testcase name="selectNews" classname="com.qa.Challange.FloatingMenu.FloatingMenuTest" time="0.098"/>
  <testcase name="selectabout" classname="com.qa.Challange.FloatingMenu.FloatingMenuTest" time="0.086"/>
  <testcase name="verifyRenderedMessages" classname="com.qa.Challange.MessageRendered.MessageRenderedTest" time="0.175"/>
  <testcase name="verifyUserOneProfile" classname="com.qa.Challange.Hovers.MouseHoversTest" time="0.23"/>
  <testcase name="verifyUserThreeProfile" classname="com.qa.Challange.Hovers.MouseHoversTest" time="0.214"/>
  <testcase name="validateJspromptField" classname="com.qa.Challange.JSalerts.JavaScriptAlertsTest" time="0.108"/>
  <testcase name="verifyConformationOfJsAlert" classname="com.qa.Challange.JSalerts.JavaScriptAlertsTest" time="0.088"/>
  <testcase name="verifyJsAlertDismiss" classname="com.qa.Challange.JSalerts.JavaScriptAlertsTest" time="0.116"/>
  <testcase name="validateHappyPathLogin" classname="com.qa.Challange.Login.LoginTest" time="0.282"/>
  <testcase name="validateUnHappyPathLogin" classname="com.qa.Challange.Login.LoginTest" time="0.286"/>
  <testcase name="handleDropDwnOption1" classname="com.qa.Challange.DropDown.DropDownTest" time="0.653"/>
  <testcase name="handleDropDwnOption2" classname="com.qa.Challange.DropDown.DropDownTest" time="0.629"/>
  <testcase name="verifyJsError" classname="com.qa.Challange.JSerror.JavaScriptErrorTest" time="0.005"/>
  <testcase name="verifyDynamicallyLoadedElement" classname="com.qa.Challange.DynamicLoading.DynamicLoadingTest" time="5.186"/>
  <testcase name="verifyFileUpload" classname="com.qa.Challange.FileUpLoader.FileUpLoaderTest" time="0.038"/>
  <testcase name="validateContextMenu" classname="com.qa.Challange.Context_Menu.ContextMenuTest" time="0.167"/>
</testsuite>