<?xml version="1.0" encoding="UTF-8"?>
<!-- Generated by org.testng.reporters.JUnitReportReporter -->
<testsuite skipped="0" hostname="mohammads-MBP.home" name="com.qa.Challange.CheckBoxes.CheckAndUnCheckBoxesTest" tests="2" failures="0" timestamp="14 Sep 2020 19:06:41 GMT" time="2.590" errors="0">
  <testcase name="checkBox" time="1.328" classname="com.qa.Challange.CheckBoxes.CheckAndUnCheckBoxesTest"/>
  <testcase name="checkBox2" time="1.262" classname="com.qa.Challange.CheckBoxes.CheckAndUnCheckBoxesTest"/>
</testsuite> <!-- com.qa.Challange.CheckBoxes.CheckAndUnCheckBoxesTest -->
