<?xml version="1.0" encoding="UTF-8"?>
<!-- Generated by org.testng.reporters.JUnitReportReporter -->
<testsuite skipped="0" hostname="mohammads-MBP.home" name="com.qa.Challange.FileUpLoader.FileUpLoaderTest" tests="1" failures="0" timestamp="14 Sep 2020 19:06:41 GMT" time="1.916" errors="0">
  <testcase name="verifyFileUpload" time="1.916" classname="com.qa.Challange.FileUpLoader.FileUpLoaderTest"/>
</testsuite> <!-- com.qa.Challange.FileUpLoader.FileUpLoaderTest -->
