<?xml version="1.0" encoding="UTF-8"?>
<!-- Generated by org.testng.reporters.JUnitReportReporter -->
<testsuite skipped="0" hostname="mohammads-MBP.home" name="com.qa.Challange.DynamicControls.DynamicControlsTest" tests="2" failures="0" timestamp="14 Sep 2020 19:06:41 GMT" time="15.743" errors="0">
  <testcase name="verifyDynamicControlsRemove_Add" time="7.643" classname="com.qa.Challange.DynamicControls.DynamicControlsTest"/>
  <testcase name="verifyDynamicControlsEnable_Disable" time="8.100" classname="com.qa.Challange.DynamicControls.DynamicControlsTest"/>
</testsuite> <!-- com.qa.Challange.DynamicControls.DynamicControlsTest -->
