<?xml version="1.0" encoding="UTF-8"?>
<!-- Generated by org.testng.reporters.JUnitReportReporter -->
<testsuite skipped="0" hostname="mohammads-MBP.home" name="com.qa.Challange.MessageRendered.MessageRenderedTest" tests="1" failures="0" timestamp="14 Sep 2020 19:06:41 GMT" time="1.528" errors="0">
  <testcase name="verifyRenderedMessages" time="1.528" classname="com.qa.Challange.MessageRendered.MessageRenderedTest"/>
</testsuite> <!-- com.qa.Challange.MessageRendered.MessageRenderedTest -->
