<?xml version="1.0" encoding="UTF-8"?>
<!-- Generated by org.testng.reporters.JUnitReportReporter -->
<testsuite skipped="0" hostname="mohammads-MBP.home" name="com.qa.Challange.Hovers.MouseHoversTest" tests="2" failures="0" timestamp="14 Sep 2020 19:06:41 GMT" time="2.982" errors="0">
  <testcase name="verifyUserThreeProfile" time="1.526" classname="com.qa.Challange.Hovers.MouseHoversTest"/>
  <testcase name="verifyUserOneProfile" time="1.456" classname="com.qa.Challange.Hovers.MouseHoversTest"/>
</testsuite> <!-- com.qa.Challange.Hovers.MouseHoversTest -->
