<?xml version="1.0" encoding="UTF-8"?>
<!-- Generated by org.testng.reporters.JUnitReportReporter -->
<testsuite skipped="0" hostname="mohammads-MBP.home" name="com.qa.Challange.Login.LoginTest" tests="2" failures="0" timestamp="14 Sep 2020 19:06:41 GMT" time="3.232" errors="0">
  <testcase name="validateUnHappyPathLogin" time="1.626" classname="com.qa.Challange.Login.LoginTest"/>
  <testcase name="validateHappyPathLogin" time="1.606" classname="com.qa.Challange.Login.LoginTest"/>
</testsuite> <!-- com.qa.Challange.Login.LoginTest -->
