<?xml version="1.0" encoding="UTF-8"?>
<!-- Generated by org.testng.reporters.JUnitReportReporter -->
<testsuite skipped="0" hostname="mohammads-MBP.home" name="com.qa.Challange.Context_Menu.ContextMenuTest" tests="1" failures="0" timestamp="14 Sep 2020 19:06:41 GMT" time="1.380" errors="0">
  <testcase name="validateContextMenu" time="1.380" classname="com.qa.Challange.Context_Menu.ContextMenuTest"/>
</testsuite> <!-- com.qa.Challange.Context_Menu.ContextMenuTest -->
