<?xml version="1.0" encoding="UTF-8"?>
<!-- Generated by org.testng.reporters.JUnitReportReporter -->
<testsuite skipped="0" hostname="mohammads-MBP.home" name="com.qa.Challange.DragAndDrop.DragAndDropTest" tests="1" failures="0" timestamp="14 Sep 2020 19:06:41 GMT" time="2.386" errors="0">
  <testcase name="validateDragAndDrop" time="2.386" classname="com.qa.Challange.DragAndDrop.DragAndDropTest"/>
</testsuite> <!-- com.qa.Challange.DragAndDrop.DragAndDropTest -->
