<?xml version="1.0" encoding="UTF-8"?>
<!-- Generated by org.testng.reporters.JUnitReportReporter -->
<testsuite skipped="0" hostname="mohammads-MBP.home" name="com.qa.Challang.NewWindow.NewWindowTest" tests="1" failures="0" timestamp="14 Sep 2020 19:06:41 GMT" time="1.831" errors="0">
  <testcase name="verifyNewWindow" time="1.831" classname="com.qa.Challang.NewWindow.NewWindowTest"/>
</testsuite> <!-- com.qa.Challang.NewWindow.NewWindowTest -->
