<?xml version="1.0" encoding="UTF-8"?>
<!-- Generated by org.testng.reporters.JUnitReportReporter -->
<testsuite skipped="0" hostname="mohammads-MBP.home" name="com.qa.Challange.DynamicLoading.DynamicLoadingTest" tests="1" failures="0" timestamp="14 Sep 2020 19:06:41 GMT" time="6.416" errors="0">
  <testcase name="verifyDynamicallyLoadedElement" time="6.416" classname="com.qa.Challange.DynamicLoading.DynamicLoadingTest"/>
</testsuite> <!-- com.qa.Challange.DynamicLoading.DynamicLoadingTest -->
