<?xml version="1.0" encoding="UTF-8"?>
<!-- Generated by org.testng.reporters.JUnitReportReporter -->
<testsuite skipped="0" hostname="mohammads-MBP.home" name="com.qa.Challange.DropDown.DropDownTest" tests="2" failures="0" timestamp="14 Sep 2020 19:06:41 GMT" time="3.982" errors="0">
  <testcase name="handleDropDwnOption1" time="2.036" classname="com.qa.Challange.DropDown.DropDownTest"/>
  <testcase name="handleDropDwnOption2" time="1.946" classname="com.qa.Challange.DropDown.DropDownTest"/>
</testsuite> <!-- com.qa.Challange.DropDown.DropDownTest -->
