<?xml version="1.0" encoding="UTF-8"?>
<!-- Generated by org.testng.reporters.JUnitReportReporter -->
<testsuite skipped="0" hostname="mohammads-MBP.home" name="com.qa.Challange.FileUpLoader.FileUpLoaderTest" tests="1" failures="0" timestamp="15 Sep 2020 12:42:52 GMT" time="2.583" errors="0">
  <testcase name="verifyFileUpload" time="2.583" classname="com.qa.Challange.FileUpLoader.FileUpLoaderTest"/>
</testsuite> <!-- com.qa.Challange.FileUpLoader.FileUpLoaderTest -->
