<?xml version="1.0" encoding="UTF-8"?>
<!-- Generated by org.testng.reporters.JUnitReportReporter -->
<testsuite skipped="0" hostname="mohammads-MBP.home" name="com.qa.Challange.DynamicContent.DynamicContentTest" tests="20" failures="0" timestamp="14 Sep 2020 19:06:41 GMT" time="26.078" errors="0">
  <testcase name="verifyDynamicContent" time="1.242" classname="com.qa.Challange.DynamicContent.DynamicContentTest"/>
  <testcase name="verifyDynamicContent" time="1.366" classname="com.qa.Challange.DynamicContent.DynamicContentTest"/>
  <testcase name="verifyDynamicContent" time="1.256" classname="com.qa.Challange.DynamicContent.DynamicContentTest"/>
  <testcase name="verifyDynamicContent" time="1.376" classname="com.qa.Challange.DynamicContent.DynamicContentTest"/>
  <testcase name="verifyDynamicContent" time="1.264" classname="com.qa.Challange.DynamicContent.DynamicContentTest"/>
  <testcase name="verifyDynamicContent" time="1.324" classname="com.qa.Challange.DynamicContent.DynamicContentTest"/>
  <testcase name="verifyDynamicContent" time="1.278" classname="com.qa.Challange.DynamicContent.DynamicContentTest"/>
  <testcase name="verifyDynamicContent" time="1.369" classname="com.qa.Challange.DynamicContent.DynamicContentTest"/>
  <testcase name="verifyDynamicContent" time="1.333" classname="com.qa.Challange.DynamicContent.DynamicContentTest"/>
  <testcase name="verifyDynamicContent" time="1.312" classname="com.qa.Challange.DynamicContent.DynamicContentTest"/>
  <testcase name="verifyDynamicContent" time="1.259" classname="com.qa.Challange.DynamicContent.DynamicContentTest"/>
  <testcase name="verifyDynamicContent" time="1.302" classname="com.qa.Challange.DynamicContent.DynamicContentTest"/>
  <testcase name="verifyDynamicContent" time="1.327" classname="com.qa.Challange.DynamicContent.DynamicContentTest"/>
  <testcase name="verifyDynamicContent" time="1.361" classname="com.qa.Challange.DynamicContent.DynamicContentTest"/>
  <testcase name="verifyDynamicContent" time="1.259" classname="com.qa.Challange.DynamicContent.DynamicContentTest"/>
  <testcase name="verifyDynamicContent" time="1.289" classname="com.qa.Challange.DynamicContent.DynamicContentTest"/>
  <testcase name="verifyDynamicContent" time="1.277" classname="com.qa.Challange.DynamicContent.DynamicContentTest"/>
  <testcase name="verifyDynamicContent" time="1.309" classname="com.qa.Challange.DynamicContent.DynamicContentTest"/>
  <testcase name="verifyDynamicContent" time="1.288" classname="com.qa.Challange.DynamicContent.DynamicContentTest"/>
  <testcase name="verifyDynamicContent" time="1.287" classname="com.qa.Challange.DynamicContent.DynamicContentTest"/>
</testsuite> <!-- com.qa.Challange.DynamicContent.DynamicContentTest -->
