<?xml version="1.0" encoding="UTF-8"?>
<!-- Generated by org.testng.reporters.JUnitReportReporter -->
<testsuite skipped="0" hostname="mohammads-MBP.home" name="com.qa.Challange.JSalerts.JavaScriptAlertsTest" tests="3" failures="0" timestamp="14 Sep 2020 19:06:41 GMT" time="4.371" errors="0">
  <testcase name="validateJspromptField" time="1.321" classname="com.qa.Challange.JSalerts.JavaScriptAlertsTest"/>
  <testcase name="verifyJsAlertDismiss" time="1.447" classname="com.qa.Challange.JSalerts.JavaScriptAlertsTest"/>
  <testcase name="verifyConformationOfJsAlert" time="1.603" classname="com.qa.Challange.JSalerts.JavaScriptAlertsTest"/>
</testsuite> <!-- com.qa.Challange.JSalerts.JavaScriptAlertsTest -->
