<?xml version="1.0" encoding="UTF-8"?>
<!-- Generated by org.testng.reporters.JUnitReportReporter -->
<testsuite skipped="0" hostname="mohammads-MBP.home" name="com.qa.Challange.FloatingMenu.FloatingMenuTest" tests="4" failures="0" timestamp="14 Sep 2020 19:06:41 GMT" time="5.391" errors="0">
  <testcase name="selectabout" time="1.330" classname="com.qa.Challange.FloatingMenu.FloatingMenuTest"/>
  <testcase name="selectContact" time="1.382" classname="com.qa.Challange.FloatingMenu.FloatingMenuTest"/>
  <testcase name="selectNews" time="1.364" classname="com.qa.Challange.FloatingMenu.FloatingMenuTest"/>
  <testcase name="selectHome" time="1.315" classname="com.qa.Challange.FloatingMenu.FloatingMenuTest"/>
</testsuite> <!-- com.qa.Challange.FloatingMenu.FloatingMenuTest -->
