<?xml version="1.0" encoding="UTF-8"?>
<!-- Generated by org.testng.reporters.JUnitReportReporter -->
<testsuite hostname="mohammads-MBP.home" failures="0" tests="2" name="com.qa.Challange.Hovers.MouseHoversTest" time="2.976" errors="0" timestamp="14 Sep 2020 19:15:23 GMT" skipped="0">
  <testcase classname="com.qa.Challange.Hovers.MouseHoversTest" name="verifyUserOneProfile" time="1.528"/>
  <testcase classname="com.qa.Challange.Hovers.MouseHoversTest" name="verifyUserThreeProfile" time="1.448"/>
</testsuite> <!-- com.qa.Challange.Hovers.MouseHoversTest -->
