<?xml version="1.0" encoding="UTF-8"?>
<!-- Generated by org.testng.reporters.JUnitReportReporter -->
<testsuite hostname="mohammads-MBP.home" failures="0" tests="2" name="com.qa.Challange.CheckBoxes.CheckAndUnCheckBoxesTest" time="2.511" errors="0" timestamp="14 Sep 2020 19:15:23 GMT" skipped="0">
  <testcase classname="com.qa.Challange.CheckBoxes.CheckAndUnCheckBoxesTest" name="checkBox" time="1.275"/>
  <testcase classname="com.qa.Challange.CheckBoxes.CheckAndUnCheckBoxesTest" name="checkBox2" time="1.236"/>
</testsuite> <!-- com.qa.Challange.CheckBoxes.CheckAndUnCheckBoxesTest -->
