<?xml version="1.0" encoding="UTF-8"?>
<!-- Generated by org.testng.reporters.JUnitReportReporter -->
<testsuite hostname="mohammads-MBP.home" failures="0" tests="4" name="com.qa.Challange.FloatingMenu.FloatingMenuTest" time="5.465" errors="0" timestamp="14 Sep 2020 19:15:23 GMT" skipped="0">
  <testcase classname="com.qa.Challange.FloatingMenu.FloatingMenuTest" name="selectabout" time="1.389"/>
  <testcase classname="com.qa.Challange.FloatingMenu.FloatingMenuTest" name="selectNews" time="1.319"/>
  <testcase classname="com.qa.Challange.FloatingMenu.FloatingMenuTest" name="selectHome" time="1.374"/>
  <testcase classname="com.qa.Challange.FloatingMenu.FloatingMenuTest" name="selectContact" time="1.383"/>
</testsuite> <!-- com.qa.Challange.FloatingMenu.FloatingMenuTest -->
