<?xml version="1.0" encoding="UTF-8"?>
<!-- Generated by org.testng.reporters.JUnitReportReporter -->
<testsuite hostname="mohammads-MBP.home" failures="0" tests="2" name="com.qa.Challange.DropDown.DropDownTest" time="3.721" errors="0" timestamp="14 Sep 2020 19:15:23 GMT" skipped="0">
  <testcase classname="com.qa.Challange.DropDown.DropDownTest" name="handleDropDwnOption2" time="1.833"/>
  <testcase classname="com.qa.Challange.DropDown.DropDownTest" name="handleDropDwnOption1" time="1.888"/>
</testsuite> <!-- com.qa.Challange.DropDown.DropDownTest -->
