<?xml version="1.0" encoding="UTF-8"?>
<!-- Generated by org.testng.reporters.JUnitReportReporter -->
<testsuite hostname="mohammads-MBP.home" failures="0" tests="3" name="com.qa.Challange.JSalerts.JavaScriptAlertsTest" time="4.179" errors="0" timestamp="14 Sep 2020 19:15:23 GMT" skipped="0">
  <testcase classname="com.qa.Challange.JSalerts.JavaScriptAlertsTest" name="verifyConformationOfJsAlert" time="1.389"/>
  <testcase classname="com.qa.Challange.JSalerts.JavaScriptAlertsTest" name="validateJspromptField" time="1.411"/>
  <testcase classname="com.qa.Challange.JSalerts.JavaScriptAlertsTest" name="verifyJsAlertDismiss" time="1.379"/>
</testsuite> <!-- com.qa.Challange.JSalerts.JavaScriptAlertsTest -->
