<?xml version="1.0" encoding="UTF-8"?>
<!-- Generated by org.testng.reporters.JUnitReportReporter -->
<testsuite hostname="mohammads-MBP.home" failures="0" tests="1" name="com.qa.Challang.NewWindow.NewWindowTest" time="1.689" errors="0" timestamp="14 Sep 2020 19:15:23 GMT" skipped="0">
  <testcase classname="com.qa.Challang.NewWindow.NewWindowTest" name="verifyNewWindow" time="1.689"/>
</testsuite> <!-- com.qa.Challang.NewWindow.NewWindowTest -->
