<?xml version="1.0" encoding="UTF-8"?>
<!-- Generated by org.testng.reporters.JUnitReportReporter -->
<testsuite hostname="mohammads-MBP.home" failures="0" tests="2" name="com.qa.Challange.Login.LoginTest" time="3.100" errors="0" timestamp="14 Sep 2020 19:15:23 GMT" skipped="0">
  <testcase classname="com.qa.Challange.Login.LoginTest" name="validateHappyPathLogin" time="1.558"/>
  <testcase classname="com.qa.Challange.Login.LoginTest" name="validateUnHappyPathLogin" time="1.542"/>
</testsuite> <!-- com.qa.Challange.Login.LoginTest -->
