<?xml version="1.0" encoding="UTF-8"?>
<!-- Generated by org.testng.reporters.JUnitReportReporter -->
<testsuite hostname="mohammads-MBP.home" failures="0" tests="20" name="com.qa.Challange.DynamicContent.DynamicContentTest" time="25.067" errors="0" timestamp="14 Sep 2020 19:15:23 GMT" skipped="0">
  <testcase classname="com.qa.Challange.DynamicContent.DynamicContentTest" name="verifyDynamicContent" time="1.239"/>
  <testcase classname="com.qa.Challange.DynamicContent.DynamicContentTest" name="verifyDynamicContent" time="1.246"/>
  <testcase classname="com.qa.Challange.DynamicContent.DynamicContentTest" name="verifyDynamicContent" time="1.254"/>
  <testcase classname="com.qa.Challange.DynamicContent.DynamicContentTest" name="verifyDynamicContent" time="1.232"/>
  <testcase classname="com.qa.Challange.DynamicContent.DynamicContentTest" name="verifyDynamicContent" time="1.244"/>
  <testcase classname="com.qa.Challange.DynamicContent.DynamicContentTest" name="verifyDynamicContent" time="1.243"/>
  <testcase classname="com.qa.Challange.DynamicContent.DynamicContentTest" name="verifyDynamicContent" time="1.301"/>
  <testcase classname="com.qa.Challange.DynamicContent.DynamicContentTest" name="verifyDynamicContent" time="1.205"/>
  <testcase classname="com.qa.Challange.DynamicContent.DynamicContentTest" name="verifyDynamicContent" time="1.222"/>
  <testcase classname="com.qa.Challange.DynamicContent.DynamicContentTest" name="verifyDynamicContent" time="1.323"/>
  <testcase classname="com.qa.Challange.DynamicContent.DynamicContentTest" name="verifyDynamicContent" time="1.249"/>
  <testcase classname="com.qa.Challange.DynamicContent.DynamicContentTest" name="verifyDynamicContent" time="1.306"/>
  <testcase classname="com.qa.Challange.DynamicContent.DynamicContentTest" name="verifyDynamicContent" time="1.264"/>
  <testcase classname="com.qa.Challange.DynamicContent.DynamicContentTest" name="verifyDynamicContent" time="1.261"/>
  <testcase classname="com.qa.Challange.DynamicContent.DynamicContentTest" name="verifyDynamicContent" time="1.287"/>
  <testcase classname="com.qa.Challange.DynamicContent.DynamicContentTest" name="verifyDynamicContent" time="1.238"/>
  <testcase classname="com.qa.Challange.DynamicContent.DynamicContentTest" name="verifyDynamicContent" time="1.243"/>
  <testcase classname="com.qa.Challange.DynamicContent.DynamicContentTest" name="verifyDynamicContent" time="1.238"/>
  <testcase classname="com.qa.Challange.DynamicContent.DynamicContentTest" name="verifyDynamicContent" time="1.240"/>
  <testcase classname="com.qa.Challange.DynamicContent.DynamicContentTest" name="verifyDynamicContent" time="1.232"/>
</testsuite> <!-- com.qa.Challange.DynamicContent.DynamicContentTest -->
