<?xml version="1.0" encoding="UTF-8"?>
<!-- Generated by org.testng.reporters.JUnitReportReporter -->
<testsuite hostname="mohammads-MBP.home" failures="0" tests="1" name="com.qa.Challange.MessageRendered.MessageRenderedTest" time="1.390" errors="0" timestamp="14 Sep 2020 19:15:23 GMT" skipped="0">
  <testcase classname="com.qa.Challange.MessageRendered.MessageRenderedTest" name="verifyRenderedMessages" time="1.390"/>
</testsuite> <!-- com.qa.Challange.MessageRendered.MessageRenderedTest -->
