<?xml version="1.0" encoding="UTF-8"?>
<!-- Generated by org.testng.reporters.JUnitReportReporter -->
<testsuite hostname="mohammads-MBP.home" failures="0" tests="1" name="com.qa.Challange.FileUpLoader.FileUpLoaderTest" time="1.679" errors="0" timestamp="14 Sep 2020 19:15:23 GMT" skipped="0">
  <testcase classname="com.qa.Challange.FileUpLoader.FileUpLoaderTest" name="verifyFileUpload" time="1.679"/>
</testsuite> <!-- com.qa.Challange.FileUpLoader.FileUpLoaderTest -->
