<?xml version="1.0" encoding="UTF-8"?>
<!-- Generated by org.testng.reporters.JUnitReportReporter -->
<testsuite hostname="mohammads-MBP.home" failures="0" tests="2" name="com.qa.Challange.DynamicControls.DynamicControlsTest" time="15.807" errors="0" timestamp="14 Sep 2020 19:15:23 GMT" skipped="0">
  <testcase classname="com.qa.Challange.DynamicControls.DynamicControlsTest" name="verifyDynamicControlsEnable_Disable" time="7.702"/>
  <testcase classname="com.qa.Challange.DynamicControls.DynamicControlsTest" name="verifyDynamicControlsRemove_Add" time="8.105"/>
</testsuite> <!-- com.qa.Challange.DynamicControls.DynamicControlsTest -->
